FGSM_Attack:
--------------------------------------------------------------------Transductive--------------------------------------------------------

Model Transferability Results after Standard Training:
-----------------------------------------
From GCN:
GCN Clean Accuracy: 0.8090, GCN Adversarial Accuracy: 0.2690
GAT Clean on GCN Adv: 0.7920, GAT Adversarial on GCN Adv: 0.2290
GPRGNN Clean on GCN Adv: 0.7960, GPRGNN Adversarial on GCN Adv: 0.3040
-----------------------------------------
From GAT:
GAT Clean Accuracy: 0.7920, GAT Adversarial Accuracy: 0.1930
GCN Clean on GAT Adv: 0.8090, GCN Adversarial on GAT Adv: 0.2620
GPRGNN Clean on GAT Adv: 0.7960, GPRGNN Adversarial on GAT Adv: 0.2940
-----------------------------------------
From GPRGNN:
GPRGNN Clean Accuracy: 0.7960, GPRGNN Adversarial Accuracy: 0.2810
GCN Clean on GPRGNN Adv: 0.8090, GCN Adversarial on GPRGNN Adv: 0.2630
GAT Clean on GPRGNN Adv: 0.7920, GAT Adversarial on GPRGNN Adv: 0.1880


Standard Training after regularization -> batch norm:
Model Transferability Results:
-----------------------------------------
From GCN:
GCN Clean Accuracy: 0.7480, GCN Adversarial Accuracy: 0.3730
GAT Clean on GCN Adv: 0.7940, GAT Adversarial on GCN Adv: 0.4310
GPRGNN Clean on GCN Adv: 0.6710, GPRGNN Adversarial on GCN Adv: 0.3660
-----------------------------------------
From GAT:
GAT Clean Accuracy: 0.7940, GAT Adversarial Accuracy: 0.3470
GCN Clean on GAT Adv: 0.7480, GCN Adversarial on GAT Adv: 0.3310
GPRGNN Clean on GAT Adv: 0.6710, GPRGNN Adversarial on GAT Adv: 0.3330
-----------------------------------------
From GPRGNN:
GPRGNN Clean Accuracy: 0.6710, GPRGNN Adversarial Accuracy: 0.1890
GCN Clean on GPRGNN Adv: 0.7480, GCN Adversarial on GPRGNN Adv: 0.2470
GAT Clean on GPRGNN Adv: 0.7940, GAT Adversarial on GPRGNN Adv: 0.2480

Model Transferability Results after Adversarial Training epsilon=0.1:
-----------------------------------------
From GCN (Adversarially Trained):
GCN Clean Accuracy: 0.7970, GCN Adversarial Accuracy: 0.2290
GAT Clean on GCN Adv: 0.7920, GAT Adversarial on GCN Adv: 0.2150
GPRGNN Clean on GCN Adv: 0.7890, GPRGNN Adversarial on GCN Adv: 0.2300
-----------------------------------------
From GAT (Adversarially Trained):
GAT Clean Accuracy: 0.7920, GAT Adversarial Accuracy: 0.2150
GCN Clean on GAT Adv: 0.7970, GCN Adversarial on GAT Adv: 0.2290
GPRGNN Clean on GAT Adv: 0.7890, GPRGNN Adversarial on GAT Adv: 0.2300
-----------------------------------------
From GPRGNN (Adversarially Trained):
GPRGNN Clean Accuracy: 0.7890, GPRGNN Adversarial Accuracy: 0.2300
GCN Clean on GPRGNN Adv: 0.7970, GCN Adversarial on GPRGNN Adv: 0.2290
GAT Clean on GPRGNN Adv: 0.7920, GAT Adversarial on GPRGNN Adv: 0.2150

Model Transferability Results after Adversarial Training epsilon=0.5:
-----------------------------------------
From GCN (Adversarially Trained):
GCN Clean Accuracy: 0.8010, GCN Adversarial Accuracy: 0.1500
GAT Clean on GCN Adv: 0.7940, GAT Adversarial on GCN Adv: 0.1530
GPRGNN Clean on GCN Adv: 0.7820, GPRGNN Adversarial on GCN Adv: 0.1480
-----------------------------------------
From GAT (Adversarially Trained):
GAT Clean Accuracy: 0.7940, GAT Adversarial Accuracy: 0.1530
GCN Clean on GAT Adv: 0.8010, GCN Adversarial on GAT Adv: 0.1500
GPRGNN Clean on GAT Adv: 0.7820, GPRGNN Adversarial on GAT Adv: 0.1480
-----------------------------------------
From GPRGNN (Adversarially Trained):
GPRGNN Clean Accuracy: 0.7820, GPRGNN Adversarial Accuracy: 0.1480
GCN Clean on GPRGNN Adv: 0.8010, GCN Adversarial on GPRGNN Adv: 0.1500
GAT Clean on GPRGNN Adv: 0.7940, GAT Adversarial on GPRGNN Adv: 0.1530

Model Transferability Results after Adversarial Training epsilon=0.01:
-----------------------------------------
From GCN (Adversarially Trained):
GCN Clean Accuracy: 0.7930, GCN Adversarial Accuracy: 0.7670
GAT Clean on GCN Adv: 0.7790, GAT Adversarial on GCN Adv: 0.7330
GPRGNN Clean on GCN Adv: 0.7980, GPRGNN Adversarial on GCN Adv: 0.7680
-----------------------------------------
From GAT (Adversarially Trained):
GAT Clean Accuracy: 0.7790, GAT Adversarial Accuracy: 0.7330
GCN Clean on GAT Adv: 0.7930, GCN Adversarial on GAT Adv: 0.7670
GPRGNN Clean on GAT Adv: 0.7980, GPRGNN Adversarial on GAT Adv: 0.7680
-----------------------------------------
From GPRGNN (Adversarially Trained):
GPRGNN Clean Accuracy: 0.7980, GPRGNN Adversarial Accuracy: 0.7680
GCN Clean on GPRGNN Adv: 0.7930, GCN Adversarial on GPRGNN Adv: 0.7670
GAT Clean on GPRGNN Adv: 0.7790, GAT Adversarial on GPRGNN Adv: 0.7330

Adversarial Training after regularization -> batch norm:
Model Transferability Results after Adversarial Training:
-----------------------------------------
From GCN (Adversarially Trained):
GCN Clean Accuracy: 0.7300, GCN Adversarial Accuracy: 0.7310
GAT Clean on GCN Adv: 0.7960, GAT Adversarial on GCN Adv: 0.7790
GPRGNN Clean on GCN Adv: 0.6480, GPRGNN Adversarial on GCN Adv: 0.6790
-----------------------------------------
From GAT (Adversarially Trained):
GAT Clean Accuracy: 0.7960, GAT Adversarial Accuracy: 0.7790
GCN Clean on GAT Adv: 0.7300, GCN Adversarial on GAT Adv: 0.7310
GPRGNN Clean on GAT Adv: 0.6480, GPRGNN Adversarial on GAT Adv: 0.6790
-----------------------------------------
From GPRGNN (Adversarially Trained):
GPRGNN Clean Accuracy: 0.6480, GPRGNN Adversarial Accuracy: 0.6790
GCN Clean on GPRGNN Adv: 0.7300, GCN Adversarial on GPRGNN Adv: 0.7310
GAT Clean on GPRGNN Adv: 0.7960, GAT Adversarial on GPRGNN Adv: 0.7790
--------------------------------------------------------------------Inductive--------------------------------------------------------

Standard Training Results with FGSM Test Set Perturbation:                                                                                                                                                                                                                    
-----------------------------------------                                                                                                                                                                                                                                     
From GCN (Standard Trained):                
GCN Clean Accuracy: 0.7060, GCN Adversarial Accuracy: 0.0615
GAT Clean on GCN Adv: 0.4908, GAT Adversarial on GCN Adv: 0.1857                                                                                                                                                                                                              
GPRGNN Clean on GCN Adv: 0.6925, GPRGNN Adversarial on GCN Adv: 0.0529
-----------------------------------------                                                                                                                                                                                                                                     
From GAT (Standard Trained):                                                                                                                                                                                                                                                  
GAT Clean Accuracy: 0.5055, GAT Adversarial Accuracy: 0.1697                                                                                                                                                                                                                  
GCN Clean on GAT Adv: 0.7134, GCN Adversarial on GAT Adv: 0.0455                                                                                                                                                                                                              
GPRGNN Clean on GAT Adv: 0.6925, GPRGNN Adversarial on GAT Adv: 0.0394                                                                                                                                                                                                        
-----------------------------------------
From GPRGNN (Standard Trained ):                                                                                                                                                                                                                                               
GPRGNN Clean Accuracy: 0.6925, GPRGNN Adversarial Accuracy: 0.0517
GCN Clean on GPRGNN Adv: 0.7122, GCN Adversarial on GPRGNN Adv: 0.0504
GAT Clean on GPRGNN Adv: 0.5326, GAT Adversarial on GPRGNN Adv: 0.1747

Inductive Adversarial Training Results:
-----------------------------------------
From GCN (Adversarially Trained):
GCN Clean Accuracy: 0.6950, GCN Adversarial Accuracy: 0.0726
GAT Clean on GCN Adv: 0.5252, GAT Adversarial on GCN Adv: 0.1907
GPRGNN Clean on GCN Adv: 0.6507, GPRGNN Adversarial on GCN Adv: 0.0455
-----------------------------------------
From GAT (Adversarially Trained):
GAT Clean Accuracy: 0.5105, GAT Adversarial Accuracy: 0.2042
GCN Clean on GAT Adv: 0.6777, GCN Adversarial on GAT Adv: 0.0590
GPRGNN Clean on GAT Adv: 0.6507, GPRGNN Adversarial on GAT Adv: 0.0467
-----------------------------------------
From GPRGNN (Adversarially Trained):
GPRGNN Clean Accuracy: 0.6507, GPRGNN Adversarial Accuracy: 0.0455
GCN Clean on GPRGNN Adv: 0.6962, GCN Adversarial on GPRGNN Adv: 0.0590
GAT Clean on GPRGNN Adv: 0.5166, GAT Adversarial on GPRGNN Adv: 0.1968

